2025-06-20 09:56:44,962 - INFO - Usuário string cadastrado com sucesso.
2025-06-20 09:56:55,418 - INFO - Usuário testeuser cadastrado com sucesso.
2025-06-20 09:57:15,395 - INFO - Usuário testeuser1 cadastrado com sucesso.
2025-06-20 09:57:39,912 - INFO - Login bem-sucedido para usuário: testeuser
2025-06-20 10:16:03,989 - INFO - Login bem-sucedido para usuário: wayne
2025-06-20 10:49:54,931 - INFO - Login bem-sucedido para usuário: wayne
2025-06-20 10:49:57,260 - INFO - Login bem-sucedido para usuário: wayne
2025-06-20 10:50:47,434 - INFO - Login bem-sucedido para usuário: wayne
2025-06-20 10:51:46,483 - INFO - Login bem-sucedido para usuário: wayne
2025-06-20 13:15:22,906 - INFO - Login bem-sucedido para usuário: wayne
2025-06-20 16:57:50,409 - INFO - Login bem-sucedido para usuário: wayne
2025-06-20 17:04:37,913 - INFO - Login bem-sucedido para usuário: wayne
2025-06-20 17:05:25,537 - INFO - Login bem-sucedido para usuário: wayne
2025-06-21 09:45:56,223 - INFO - Login bem-sucedido para usuário: wayne
2025-06-21 10:00:13,216 - INFO - Login bem-sucedido para usuário: wayne
2025-06-21 10:12:44,961 - INFO - Login bem-sucedido para usuário: wayne
2025-06-21 10:12:45,006 - INFO - Usuário wayne (admin) acessou o dashboard.
2025-06-21 10:12:45,011 - INFO - Usuário wayne (admin) acessou o dashboard.
2025-06-21 10:15:05,927 - INFO - Login bem-sucedido para usuário: wayne
2025-06-21 10:15:05,945 - INFO - Usuário wayne (admin) acessou o dashboard.
2025-06-21 10:15:05,951 - INFO - Usuário wayne (admin) acessou o dashboard.
2025-06-21 10:36:47,966 - INFO - Login bem-sucedido para usuário: wayne
2025-06-21 10:36:48,002 - INFO - Usuário wayne (admin) acessou o dashboard.
2025-06-21 10:36:48,010 - INFO - Usuário wayne (admin) acessou o dashboard.
2025-06-21 10:37:28,645 - INFO - Login bem-sucedido para usuário: wayne
2025-06-21 10:37:28,690 - INFO - Usuário wayne (admin) acessou o dashboard.
2025-06-21 10:37:28,700 - INFO - Usuário wayne (admin) acessou o dashboard.
2025-06-21 10:39:03,706 - INFO - Login bem-sucedido para usuário: wayne
2025-06-21 10:39:03,741 - INFO - Usuário wayne (admin) acessou o dashboard.
2025-06-21 10:39:03,754 - INFO - Usuário wayne (admin) acessou o dashboard.
2025-06-21 10:39:58,592 - INFO - Login bem-sucedido para usuário: wayne
2025-06-21 10:39:58,626 - INFO - Usuário wayne (admin) acessou o dashboard.
2025-06-21 10:39:58,635 - INFO - Usuário wayne (admin) acessou o dashboard.
2025-06-21 10:40:27,929 - INFO - Login bem-sucedido para usuário: wayne
2025-06-21 10:40:27,960 - INFO - Usuário wayne (admin) acessou o dashboard.
2025-06-21 10:40:27,969 - INFO - Usuário wayne (admin) acessou o dashboard.
2025-06-23 13:10:07,878 - INFO - Login bem-sucedido para usuário: wayne
2025-06-23 13:10:35,650 - INFO - Login bem-sucedido para usuário: wayne
2025-06-23 13:22:18,326 - INFO - Login bem-sucedido para usuário: wayne
2025-06-23 13:23:38,069 - INFO - Login bem-sucedido para usuário: wayne
2025-06-23 13:27:16,105 - INFO - Login bem-sucedido para usuário: wayne
2025-06-23 13:28:34,887 - INFO - Login bem-sucedido para usuário: wayne
2025-06-23 13:30:11,166 - INFO - Login bem-sucedido para usuário: wayne
2025-06-23 13:36:08,547 - INFO - Login bem-sucedido para usuário: wayne
2025-06-23 13:36:08,571 - INFO - Usuário wayne (admin) acessou o dashboard.
2025-06-23 13:36:08,574 - INFO - Usuário wayne (admin) acessou o dashboard.
2025-06-23 16:47:04,848 - INFO - Login bem-sucedido para usuário: wayne
2025-06-23 16:47:04,882 - INFO - Usuário wayne (admin) acessou o dashboard.
2025-06-23 16:47:04,894 - INFO - Usuário wayne (admin) acessou o dashboard.
2025-06-24 12:17:44,567 - INFO - Login bem-sucedido para usuário: wayne
2025-06-24 12:17:44,603 - INFO - Usuário wayne (admin) acessou o dashboard.
2025-06-24 12:17:44,613 - INFO - Usuário wayne (admin) acessou o dashboard.
2025-06-24 13:42:33,505 - INFO - Login bem-sucedido para usuário: wayne
2025-06-24 13:42:33,532 - INFO - Usuário wayne (admin) acessou o dashboard.
2025-06-24 13:42:33,542 - INFO - Usuário wayne (admin) acessou o dashboard.
2025-06-24 13:42:57,871 - INFO - Login bem-sucedido para usuário: wayne
2025-06-24 13:42:57,884 - INFO - Usuário wayne (admin) acessou o dashboard.
2025-06-24 13:42:57,893 - INFO - Usuário wayne (admin) acessou o dashboard.
2025-06-24 14:00:17,675 - INFO - Login bem-sucedido para usuário: wayne
2025-06-24 14:00:17,700 - INFO - Usuário wayne (admin) acessou o dashboard.
2025-06-24 14:00:17,704 - INFO - Usuário wayne (admin) acessou o dashboard.
2025-06-24 14:00:31,399 - INFO - Usuário wayne (admin) acessou os alertas.
2025-06-24 16:26:36,850 - INFO - Login bem-sucedido para usuário: wayne
2025-06-24 16:52:41,955 - INFO - Login bem-sucedido para usuário: wayne
2025-06-24 16:57:21,071 - INFO - Login bem-sucedido para usuário: alfred
2025-06-24 16:58:01,726 - INFO - Login bem-sucedido para usuário: wayne
2025-06-25 12:16:51,355 - INFO - Login bem-sucedido para usuário: alfred
2025-06-25 12:16:51,929 - INFO - Login bem-sucedido para usuário: wayne
2025-06-25 12:17:13,934 - INFO - Login bem-sucedido para usuário: wayne
2025-06-25 12:28:40,149 - INFO - Login bem-sucedido para usuário: wayne
2025-06-25 12:30:00,694 - INFO - Login bem-sucedido para usuário: wayne
2025-06-25 12:31:41,330 - INFO - Login bem-sucedido para usuário: wayne
2025-06-25 12:34:35,944 - INFO - Login bem-sucedido para usuário: wayne
2025-06-25 12:38:10,525 - INFO - Login bem-sucedido para usuário: wayne
2025-06-25 12:46:28,326 - INFO - Login bem-sucedido para usuário: wayne
2025-06-26 10:25:34,559 - INFO - Login bem-sucedido para usuário: wayne
2025-06-26 10:51:54,041 - INFO - Login bem-sucedido para usuário: wayne
2025-06-26 11:33:22,225 - INFO - Login bem-sucedido para usuário: wayne
2025-06-26 12:07:46,811 - INFO - Login bem-sucedido para usuário: wayne
2025-06-26 12:33:22,641 - INFO - Login bem-sucedido para usuário: wayne
2025-06-26 12:37:32,204 - INFO - Login bem-sucedido para usuário: wayne
2025-06-26 12:43:40,961 - INFO - Login bem-sucedido para usuário: wayne
2025-06-26 12:43:40,974 - INFO - Usuário wayne (admin) acessou o dashboard.
2025-06-26 12:43:40,980 - INFO - Usuário wayne (admin) acessou o dashboard.
2025-06-26 12:43:48,438 - INFO - Login bem-sucedido para usuário: wayne
2025-06-26 12:43:48,446 - INFO - Usuário wayne (admin) acessou o dashboard.
2025-06-26 12:43:48,455 - INFO - Usuário wayne (admin) acessou o dashboard.
2025-06-26 12:44:05,097 - INFO - Login bem-sucedido para usuário: wayne
2025-06-26 12:44:05,105 - INFO - Usuário wayne (admin) acessou o dashboard.
2025-06-26 12:44:05,109 - INFO - Usuário wayne (admin) acessou o dashboard.
2025-06-26 12:52:24,882 - INFO - Login bem-sucedido para usuário: wayne
2025-06-26 12:52:24,894 - INFO - Usuário wayne (admin) acessou o dashboard.
2025-06-26 12:52:24,901 - INFO - Usuário wayne (admin) acessou o dashboard.
2025-06-26 12:52:30,003 - INFO - Usuário wayne (admin) acessou o dashboard.
2025-06-26 12:52:30,007 - INFO - Usuário wayne (admin) acessou o dashboard.
2025-06-26 12:52:54,940 - INFO - Usuário wayne (admin) acessou o dashboard.
2025-06-26 13:00:30,942 - INFO - Login bem-sucedido para usuário: wayne
2025-06-26 13:00:30,956 - INFO - Usuário wayne (admin) acessou o dashboard.
2025-06-26 13:00:30,961 - INFO - Usuário wayne (admin) acessou o dashboard.
2025-06-26 13:00:33,090 - INFO - Usuário wayne (admin) acessou o dashboard.
2025-06-26 13:00:33,099 - INFO - Usuário wayne (admin) acessou o dashboard.
2025-06-26 13:00:59,807 - INFO - Usuário wayne (admin) acessou o dashboard.
2025-06-26 13:08:19,545 - INFO - Login bem-sucedido para usuário: wayne
2025-06-26 13:08:19,560 - INFO - Usuário wayne (admin) acessou o dashboard.
2025-06-26 13:08:19,568 - INFO - Usuário wayne (admin) acessou o dashboard.
2025-06-26 13:08:21,544 - INFO - Usuário wayne (admin) acessou o dashboard.
2025-06-26 13:08:21,551 - INFO - Usuário wayne (admin) acessou o dashboard.
2025-06-26 13:08:49,577 - INFO - Usuário wayne (admin) acessou o dashboard.
2025-06-26 13:14:53,146 - INFO - Login bem-sucedido para usuário: wayne
2025-06-26 13:14:53,161 - INFO - Usuário wayne (admin) acessou o dashboard.
2025-06-26 13:14:53,165 - INFO - Usuário wayne (admin) acessou o dashboard.
2025-06-26 13:14:57,017 - INFO - Usuário wayne (admin) acessou o dashboard.
2025-06-26 13:14:57,021 - INFO - Usuário wayne (admin) acessou o dashboard.
2025-06-26 13:15:15,128 - INFO - Usuário wayne (admin) acessou o dashboard.
2025-06-26 13:16:30,161 - INFO - Login bem-sucedido para usuário: wayne
2025-06-26 13:16:30,178 - INFO - Usuário wayne (admin) acessou o dashboard.
2025-06-26 13:16:30,188 - INFO - Usuário wayne (admin) acessou o dashboard.
2025-06-26 13:16:34,494 - INFO - Usuário wayne (admin) acessou o dashboard.
2025-06-26 13:16:34,500 - INFO - Usuário wayne (admin) acessou o dashboard.
2025-06-26 13:16:38,220 - INFO - Login bem-sucedido para usuário: wayne
2025-06-26 13:16:38,228 - INFO - Usuário wayne (admin) acessou o dashboard.
2025-06-26 13:16:38,544 - INFO - Usuário wayne (admin) acessou o dashboard.
2025-06-26 13:16:39,548 - INFO - Usuário wayne (admin) acessou o dashboard.
2025-06-26 13:16:39,558 - INFO - Usuário wayne (admin) acessou o dashboard.
2025-06-26 13:17:36,640 - INFO - Login bem-sucedido para usuário: wayne
2025-06-26 13:17:36,648 - INFO - Usuário wayne (admin) acessou o dashboard.
2025-06-26 13:17:36,653 - INFO - Usuário wayne (admin) acessou o dashboard.
2025-06-26 13:17:38,176 - INFO - Usuário wayne (admin) acessou o dashboard.
2025-06-26 13:17:38,180 - INFO - Usuário wayne (admin) acessou o dashboard.
2025-06-26 13:17:51,346 - INFO - Usuário wayne (admin) acessou o dashboard.
